<?xml version="1.0" encoding="UTF-8"?>
<!-- Generated by org.testng.reporters.JUnitXMLReporter -->
<testsuite ignored="0" hostname="DESKTOP-R7EPNE4" failures="0" tests="3" name="Default test" time="19.008" errors="0" timestamp="2024-08-02T00:30:34 IST">
  <testcase classname="TestPackage.sortingtest" name="SignINTest" time="10.982"/>
  <testcase classname="TestPackage.sortingtest" name="clickOnYogaTest" time="2.662"/>
  <testcase classname="TestPackage.sortingtest" name="sortByTest" time="5.284"/>
</testsuite> <!-- Default test -->
