<?xml version="1.0" encoding="UTF-8"?>
<testng-results ignored="0" total="3" passed="3" failed="0" skipped="0">
  <reporter-output>
  </reporter-output>
  <suite started-at="2024-08-02T00:30:15 IST" name="Default suite" finished-at="2024-08-02T00:30:34 IST" duration-ms="19008">
    <groups>
    </groups>
    <test started-at="2024-08-02T00:30:15 IST" name="Default test" finished-at="2024-08-02T00:30:34 IST" duration-ms="19008">
      <class name="TestPackage.sortingtest">
        <test-method is-config="true" signature="beforeSuite()[pri:0, instance:TestPackage.sortingtest@2ea41516]" started-at="2024-08-02T00:30:04 IST" name="beforeSuite" finished-at="2024-08-02T00:30:15 IST" duration-ms="10297" status="PASS">
          <reporter-output>
          </reporter-output>
        </test-method> <!-- beforeSuite -->
        <test-method signature="SignINTest()[pri:1, instance:TestPackage.sortingtest@2ea41516]" started-at="2024-08-02T00:30:15 IST" name="SignINTest" finished-at="2024-08-02T00:30:26 IST" duration-ms="10982" status="PASS">
          <reporter-output>
          </reporter-output>
        </test-method> <!-- SignINTest -->
        <test-method signature="clickOnYogaTest()[pri:2, instance:TestPackage.sortingtest@2ea41516]" started-at="2024-08-02T00:30:26 IST" name="clickOnYogaTest" finished-at="2024-08-02T00:30:28 IST" duration-ms="2662" status="PASS">
          <reporter-output>
          </reporter-output>
        </test-method> <!-- clickOnYogaTest -->
        <test-method signature="sortByTest()[pri:3, instance:TestPackage.sortingtest@2ea41516]" started-at="2024-08-02T00:30:28 IST" name="sortByTest" finished-at="2024-08-02T00:30:34 IST" duration-ms="5284" status="PASS">
          <reporter-output>
          </reporter-output>
        </test-method> <!-- sortByTest -->
        <test-method is-config="true" signature="afterSuite()[pri:0, instance:TestPackage.sortingtest@2ea41516]" started-at="2024-08-02T00:30:34 IST" name="afterSuite" finished-at="2024-08-02T00:30:36 IST" duration-ms="1933" status="PASS">
          <reporter-output>
          </reporter-output>
        </test-method> <!-- afterSuite -->
      </class> <!-- TestPackage.sortingtest -->
    </test> <!-- Default test -->
  </suite> <!-- Default suite -->
</testng-results>
